  main.cpp
C:\Users\happy\Desktop\homework04\Graphics-Homework04\Homework04\MySphere.h(68,11): warning C4244: '초기화 중': 'double'에서 'float'(으)로 변환하면서 데이터가 손실될 수 있습니다.
C:\Users\happy\Desktop\homework04\Graphics-Homework04\Homework04\MySphere.h(69,11): warning C4244: '초기화 중': 'double'에서 'float'(으)로 변환하면서 데이터가 손실될 수 있습니다.
C:\Users\happy\Desktop\homework04\Graphics-Homework04\Homework04\Mesh.h(202,20): warning C4018: '<': signed 또는 unsigned가 일치하지 않습니다.
C:\Users\happy\Desktop\homework04\Graphics-Homework04\Homework04\Mesh.h(211,20): warning C4018: '<': signed 또는 unsigned가 일치하지 않습니다.
C:\Users\happy\Desktop\homework04\Graphics-Homework04\Homework04\Mesh.h(260,20): warning C4018: '<': signed 또는 unsigned가 일치하지 않습니다.
C:\Users\happy\Desktop\homework04\Graphics-Homework04\Homework04\Mesh.h(278,20): warning C4018: '<': signed 또는 unsigned가 일치하지 않습니다.
C:\Users\happy\Desktop\homework04\Graphics-Homework04\Homework04\main.cpp(28,17): warning C4305: '초기화 중': 'double'에서 'float'(으)로 잘립니다.
C:\Users\happy\Desktop\homework04\Graphics-Homework04\Homework04\main.cpp(32,25): warning C4305: '초기화 중': 'double'에서 'float'(으)로 잘립니다.
C:\Users\happy\Desktop\homework04\Graphics-Homework04\Homework04\main.cpp(85,12): warning C4244: '초기화 중': 'double'에서 'float'(으)로 변환하면서 데이터가 손실될 수 있습니다.
C:\Users\happy\Desktop\homework04\Graphics-Homework04\Homework04\main.cpp(122,97): warning C4305: '인수': 'double'에서 'const GLfloat'(으)로 잘립니다.
C:\Users\happy\Desktop\homework04\Graphics-Homework04\Homework04\main.cpp(127,96): warning C4305: '인수': 'double'에서 'const GLfloat'(으)로 잘립니다.
C:\Users\happy\Desktop\homework04\Graphics-Homework04\Homework04\main.cpp(132,96): warning C4305: '인수': 'double'에서 'const GLfloat'(으)로 잘립니다.
C:\Users\happy\Desktop\homework04\Graphics-Homework04\Homework04\main.cpp(156,49): warning C4305: '인수': 'double'에서 'float'(으)로 잘립니다.
C:\Users\happy\Desktop\homework04\Graphics-Homework04\Homework04\main.cpp(182,32): warning C4305: '인수': 'double'에서 'GLfloat'(으)로 잘립니다.
C:\Users\happy\Desktop\homework04\Graphics-Homework04\Homework04\main.cpp(183,35): warning C4305: '인수': 'double'에서 'GLfloat'(으)로 잘립니다.
C:\Users\happy\Desktop\homework04\Graphics-Homework04\Homework04\main.cpp(228,18): warning C4305: '+=': 'double'에서 'float'(으)로 잘립니다.
C:\Users\happy\Desktop\homework04\Graphics-Homework04\Homework04\main.cpp(254,14): warning C4305: '+=': 'double'에서 'float'(으)로 잘립니다.
C:\Users\happy\Desktop\homework04\Graphics-Homework04\Homework04\main.cpp(257,14): warning C4305: '-=': 'double'에서 'float'(으)로 잘립니다.
C:\Users\happy\Desktop\homework04\Graphics-Homework04\Homework04\main.cpp(273,23): warning C4305: '=': 'double'에서 'float'(으)로 잘립니다.
C:\Users\happy\Desktop\homework04\Graphics-Homework04\Homework04\main.cpp(279,23): warning C4305: '=': 'double'에서 'float'(으)로 잘립니다.
C:\Users\happy\Desktop\homework04\Graphics-Homework04\Homework04\main.cpp(285,23): warning C4305: '=': 'double'에서 'float'(으)로 잘립니다.
C:\Users\happy\Desktop\homework04\Graphics-Homework04\Homework04\main.cpp(292,13): warning C4305: '+=': 'double'에서 'float'(으)로 잘립니다.
C:\Users\happy\Desktop\homework04\Graphics-Homework04\Homework04\main.cpp(296,13): warning C4305: '-=': 'double'에서 'float'(으)로 잘립니다.
  Homework04.vcxproj -> C:\Users\happy\Desktop\homework04\Graphics-Homework04\Debug\Homework04.exe
